Creating CA: C:\Users\suman\.docker\machine\certs\ca.pem
Creating client certificate: C:\Users\suman\.docker\machine\certs\cert.pem
Running pre-create checks...
(default) Image cache directory does not exist, creating it at C:\Users\suman\.docker\machine\cache...
(default) No default Boot2Docker ISO found locally, downloading the latest release...
(default) Latest release for github.com/boot2docker/boot2docker is v18.09.1
(default) Downloading C:\Users\suman\.docker\machine\cache\boot2docker.iso from https://github.com/boot2docker/boot2docker/releases/download/v18.09.1/boot2docker.iso...
(default) 0%....10%....20%....30%....40%....50%....60%....70%....80%....90%....100%
Creating machine...
(default) Copying C:\Users\suman\.docker\machine\cache\boot2docker.iso to C:\Users\suman\.docker\machine\machines\default\boot2docker.iso...
(default) Creating VirtualBox VM...
(default) Creating SSH key...
(default) Starting the VM...
(default) Check network to re-create if needed...
(default) Windows might ask for the permission to create a network adapter. Sometimes, such confirmation window is minimized in the taskbar.
(default) Creating a new host-only adapter produced an error: C:\Program Files\Oracle\VirtualBox\VBoxManage.exe hostonlyif create failed:
(default) 0%...
(default) Progress state: E_INVALIDARG
(default) VBoxManage.exe: error: Failed to create the host-only adapter
(default) VBoxManage.exe: error: Assertion failed: [!aInterfaceName.isEmpty()] at 'F:\tinderbox\win-5.2\src\VBox\Main\src-server\HostNetworkInterfaceImpl.cpp' (76) in long __cdecl HostNetworkInterface::init(class com::Bstr,class com::Bstr,class com::Guid,enum __MIDL___MIDL_itf_VirtualBox_0000_0000_0038).
(default) VBoxManage.exe: error: Please contact the product vendor!
(default) VBoxManage.exe: error: Details: code E_FAIL (0x80004005), component HostNetworkInterfaceWrap, interface IHostNetworkInterface
(default) VBoxManage.exe: error: Context: "enum RTEXITCODE __cdecl handleCreate(struct HandlerArg *)" at line 94 of file VBoxManageHostonly.cpp
(default)
(default) This is a known VirtualBox bug. Let's try to recover anyway...
(default) Found a new host-only adapter: "VirtualBox Host-Only Ethernet Adapter #2"
(default) Windows might ask for the permission to configure a network adapter. Sometimes, such confirmation window is minimized in the taskbar.
(default) Windows might ask for the permission to configure a dhcp server. Sometimes, such confirmation window is minimized in the taskbar.
(default) Waiting for an IP...
(default) The host-only adapter is corrupted. Let's stop the VM, fix the host-only adapter and restart the VM
(default) Windows might ask for the permission to configure a network adapter. Sometimes, such confirmation window is minimized in the taskbar.
(default) Waiting for an IP...
Waiting for machine to be running, this may take a few minutes...
Detecting operating system of created instance...
Waiting for SSH to be available...
Detecting the provisioner...
Provisioning with boot2docker...
Copying certs to the local machine directory...
Copying certs to the remote machine...
Setting Docker configuration on the remote daemon...
Checking connection to Docker...
Docker is up and running!
To see how to connect your Docker Client to the Docker Engine running on this virtual machine, run: C:\Program Files\Docker Toolbox\docker-machine.exe env default



                        ##         .
                  ## ## ##        ==
               ## ## ## ## ##    ===
           /"""""""""""""""""\___/ ===
      ~~~ {~~ ~~~~ ~~~ ~~~~ ~~~ ~ /  ===- ~~~
           \______ o           __/
             \    \         __/
              \____\_______/

docker is configured to use the default machine with IP 192.168.99.100
For help getting started, check out the docs at https://docs.docker.com


Start interactive shell

suman@DESKTOP-VD9LNHE MINGW64 /c/Program Files/Docker Toolbox